DEPRECATION WARNING: config.action_view.debug_rjs will be removed in 3.1, from 3.1 onwards you will need to install prototype-rails to continue to use RJS templates . (called from service at /usr/lib/ruby/1.9.1/webrick/httpserver.rb:138)
  [1m[36mSCHEMA (0.3ms)[0m  [1mSHOW TABLES [0m
  [1m[35mSCHEMA (0.3ms)[0m  SHOW TABLES 
  [1m[36mSQL (84.7ms)[0m  [1mCREATE TABLE `schema_migrations` (`version` varchar(255) NOT NULL) ENGINE=InnoDB[0m
  [1m[35mSQL (0.4ms)[0m  SHOW KEYS FROM `schema_migrations`
  [1m[36mSQL (190.6ms)[0m  [1mCREATE UNIQUE INDEX `unique_schema_migrations` ON `schema_migrations` (`version`)[0m
  [1m[35mSCHEMA (0.5ms)[0m  SHOW TABLES 
  [1m[36mSCHEMA (0.4ms)[0m  [1mSHOW TABLES [0m
  [1m[35mSCHEMA (0.4ms)[0m  SHOW TABLES 
  [1m[36mSQL (11.4ms)[0m  [1mSELECT `schema_migrations`.`version` FROM `schema_migrations`[0m
Migrating to CreateAdminUsers (20140514091258)
  [1m[36mSCHEMA (0.4ms)[0m  [1mSHOW TABLES [0m
  [1m[35mSCHEMA (0.3ms)[0m  SHOW TABLES 
  [1m[36mSQL (1.3ms)[0m  [1mSELECT `schema_migrations`.`version` FROM `schema_migrations`[0m
Migrating to CreateAdminUsers (20140514091258)
  [1m[36mSCHEMA (0.3ms)[0m  [1mSHOW TABLES [0m
  [1m[35mSCHEMA (0.3ms)[0m  SHOW TABLES 
  [1m[36mSQL (1.2ms)[0m  [1mSELECT `schema_migrations`.`version` FROM `schema_migrations`[0m
Migrating to CreateAdminUsers (20140514091258)
  [1m[35mSQL (424.3ms)[0m  CREATE TABLE `admin_users` (`id` int(11) DEFAULT NULL auto_increment PRIMARY KEY, `username` varchar(30) NOT NULL, `password` varchar(15) NOT NULL, `first_name` varchar(255), `last_name` varchar(255), `created_at` datetime, `updated_at` datetime) ENGINE=InnoDB
  [1m[36mSQL (32.7ms)[0m  [1mINSERT INTO `schema_migrations` (`version`) VALUES ('20140514091258')[0m
Migrating to CreateServices (20140514091401)
  [1m[35mSQL (87.5ms)[0m  CREATE TABLE `services` (`id` int(11) DEFAULT NULL auto_increment PRIMARY KEY, `service_name` varchar(255) NOT NULL, `url_path` varchar(255) NOT NULL, `created_at` datetime, `updated_at` datetime) ENGINE=InnoDB
  [1m[36mSQL (32.7ms)[0m  [1mINSERT INTO `schema_migrations` (`version`) VALUES ('20140514091401')[0m
Migrating to CreateHitCounts (20140514091544)
  [1m[35mSQL (87.9ms)[0m  CREATE TABLE `hit_counts` (`id` int(11) DEFAULT NULL auto_increment PRIMARY KEY, `service_id` int(11), `created_at` datetime, `updated_at` datetime) ENGINE=InnoDB
  [1m[36mSQL (32.7ms)[0m  [1mINSERT INTO `schema_migrations` (`version`) VALUES ('20140514091544')[0m
Migrating to CreateAdminUserServices (20140514091639)
  [1m[35mSQL (99.3ms)[0m  CREATE TABLE `admin_user_services` (`admin_user_id` int(11), `service_id` int(11), `created_at` datetime, `updated_at` datetime) ENGINE=InnoDB
  [1m[36mSQL (43.4ms)[0m  [1mINSERT INTO `schema_migrations` (`version`) VALUES ('20140514091639')[0m
  [1m[35mSCHEMA (0.5ms)[0m  SHOW TABLES 
  [1m[36mSQL (0.3ms)[0m  [1mSELECT `schema_migrations`.`version` FROM `schema_migrations`[0m
  [1m[35mSCHEMA (0.3ms)[0m  SHOW TABLES 
  [1m[36mSQL (0.8ms)[0m  [1mdescribe `admin_user_services`[0m
  [1m[35mSQL (0.4ms)[0m  SHOW KEYS FROM `admin_user_services`
  [1m[36mSQL (1.2ms)[0m  [1mdescribe `admin_users`[0m
  [1m[35mSQL (0.6ms)[0m  SHOW KEYS FROM `admin_users`
  [1m[36mSQL (1.1ms)[0m  [1mdescribe `hit_counts`[0m
  [1m[35mSQL (0.6ms)[0m  SHOW KEYS FROM `hit_counts`
  [1m[36mSQL (1.1ms)[0m  [1mdescribe `services`[0m
  [1m[35mSQL (0.6ms)[0m  SHOW KEYS FROM `services`
  [1m[36mSCHEMA (0.4ms)[0m  [1mSHOW TABLES [0m
  [1m[35mSCHEMA (0.3ms)[0m  SHOW TABLES 
  [1m[36mSQL (1.3ms)[0m  [1mSELECT `schema_migrations`.`version` FROM `schema_migrations`[0m
  [1m[35mSCHEMA (0.3ms)[0m  SHOW TABLES 
  [1m[36mSQL (0.1ms)[0m  [1mSELECT `schema_migrations`.`version` FROM `schema_migrations`[0m
  [1m[35mSCHEMA (0.4ms)[0m  SHOW TABLES 
  [1m[36mSQL (0.1ms)[0m  [1mSELECT `schema_migrations`.`version` FROM `schema_migrations`[0m
Migrating to CreateAdminUserServices (20140514091639)
  [1m[35mSQL (62.8ms)[0m  DROP TABLE `admin_user_services`
  [1m[36mAREL (43.4ms)[0m  [1mDELETE FROM `schema_migrations` WHERE `schema_migrations`.`version` = '20140514091639'[0m
Migrating to CreateHitCounts (20140514091544)
  [1m[35mSQL (42.8ms)[0m  DROP TABLE `hit_counts`
  [1m[36mAREL (32.1ms)[0m  [1mDELETE FROM `schema_migrations` WHERE `schema_migrations`.`version` = '20140514091544'[0m
Migrating to CreateServices (20140514091401)
  [1m[35mSQL (31.5ms)[0m  DROP TABLE `services`
  [1m[36mAREL (34.0ms)[0m  [1mDELETE FROM `schema_migrations` WHERE `schema_migrations`.`version` = '20140514091401'[0m
Migrating to CreateAdminUsers (20140514091258)
  [1m[35mSQL (31.1ms)[0m  DROP TABLE `admin_users`
  [1m[36mAREL (32.9ms)[0m  [1mDELETE FROM `schema_migrations` WHERE `schema_migrations`.`version` = '20140514091258'[0m
  [1m[35mSCHEMA (0.4ms)[0m  SHOW TABLES 
  [1m[36mSQL (0.3ms)[0m  [1mSELECT `schema_migrations`.`version` FROM `schema_migrations`[0m
  [1m[35mSCHEMA (0.3ms)[0m  SHOW TABLES 
  [1m[36mSCHEMA (0.4ms)[0m  [1mSHOW TABLES [0m
  [1m[35mSCHEMA (0.3ms)[0m  SHOW TABLES 
  [1m[36mSQL (1.4ms)[0m  [1mSELECT `schema_migrations`.`version` FROM `schema_migrations`[0m
Migrating to CreateAdminUsers (20140514091258)
  [1m[35mSQL (106.8ms)[0m  CREATE TABLE `admin_users` (`id` int(11) DEFAULT NULL auto_increment PRIMARY KEY, `username` varchar(30) NOT NULL, `password` varchar(15) NOT NULL, `first_name` varchar(255), `last_name` varchar(255), `created_at` datetime, `updated_at` datetime) ENGINE=InnoDB
  [1m[36mSQL (32.6ms)[0m  [1mINSERT INTO `schema_migrations` (`version`) VALUES ('20140514091258')[0m
Migrating to CreateServices (20140514091401)
  [1m[35mSQL (87.2ms)[0m  CREATE TABLE `services` (`id` int(11) DEFAULT NULL auto_increment PRIMARY KEY, `service_name` varchar(255) NOT NULL, `url_path` varchar(255) NOT NULL, `created_at` datetime, `updated_at` datetime) ENGINE=InnoDB
  [1m[36mSQL (32.6ms)[0m  [1mINSERT INTO `schema_migrations` (`version`) VALUES ('20140514091401')[0m
Migrating to CreateHitCounts (20140514091544)
  [1m[35mSQL (87.8ms)[0m  CREATE TABLE `hit_counts` (`id` int(11) DEFAULT NULL auto_increment PRIMARY KEY, `service_id` int(11), `created_at` datetime, `updated_at` datetime) ENGINE=InnoDB
  [1m[36mSQL (32.3ms)[0m  [1mINSERT INTO `schema_migrations` (`version`) VALUES ('20140514091544')[0m
Migrating to CreateAdminUserServices (20140514091639)
  [1m[36mSCHEMA (0.4ms)[0m  [1mSHOW TABLES [0m
  [1m[35mSCHEMA (0.4ms)[0m  SHOW TABLES 
  [1m[36mSQL (1.3ms)[0m  [1mSELECT `schema_migrations`.`version` FROM `schema_migrations`[0m
  [1m[35mSCHEMA (0.4ms)[0m  SHOW TABLES 
  [1m[36mSQL (0.1ms)[0m  [1mSELECT `schema_migrations`.`version` FROM `schema_migrations`[0m
  [1m[35mSCHEMA (0.3ms)[0m  SHOW TABLES 
  [1m[36mSQL (0.2ms)[0m  [1mSELECT `schema_migrations`.`version` FROM `schema_migrations`[0m
Migrating to CreateHitCounts (20140514091544)
  [1m[35mSQL (57.2ms)[0m  DROP TABLE `hit_counts`
  [1m[36mAREL (43.5ms)[0m  [1mDELETE FROM `schema_migrations` WHERE `schema_migrations`.`version` = '20140514091544'[0m
Migrating to CreateServices (20140514091401)
  [1m[35mSQL (31.6ms)[0m  DROP TABLE `services`
  [1m[36mAREL (32.9ms)[0m  [1mDELETE FROM `schema_migrations` WHERE `schema_migrations`.`version` = '20140514091401'[0m
Migrating to CreateAdminUsers (20140514091258)
  [1m[35mSQL (31.7ms)[0m  DROP TABLE `admin_users`
  [1m[36mAREL (44.0ms)[0m  [1mDELETE FROM `schema_migrations` WHERE `schema_migrations`.`version` = '20140514091258'[0m
  [1m[35mSCHEMA (0.4ms)[0m  SHOW TABLES 
  [1m[36mSQL (0.4ms)[0m  [1mSELECT `schema_migrations`.`version` FROM `schema_migrations`[0m
  [1m[35mSCHEMA (0.4ms)[0m  SHOW TABLES 
  [1m[36mSCHEMA (0.4ms)[0m  [1mSHOW TABLES [0m
  [1m[35mSCHEMA (0.3ms)[0m  SHOW TABLES 
  [1m[36mSQL (1.2ms)[0m  [1mSELECT `schema_migrations`.`version` FROM `schema_migrations`[0m
Migrating to CreateAdminUsers (20140514091258)
  [1m[35mSQL (127.8ms)[0m  CREATE TABLE `admin_users` (`id` int(11) DEFAULT NULL auto_increment PRIMARY KEY, `username` varchar(30) NOT NULL, `password` varchar(15) NOT NULL, `first_name` varchar(255), `last_name` varchar(255), `created_at` datetime, `updated_at` datetime) ENGINE=InnoDB
  [1m[36mSQL (32.5ms)[0m  [1mINSERT INTO `schema_migrations` (`version`) VALUES ('20140514091258')[0m
Migrating to CreateServices (20140514091401)
  [1m[35mSQL (89.2ms)[0m  CREATE TABLE `services` (`id` int(11) DEFAULT NULL auto_increment PRIMARY KEY, `service_name` varchar(255) NOT NULL, `url_path` varchar(255) NOT NULL, `created_at` datetime, `updated_at` datetime) ENGINE=InnoDB
  [1m[36mSQL (32.7ms)[0m  [1mINSERT INTO `schema_migrations` (`version`) VALUES ('20140514091401')[0m
Migrating to CreateHitCounts (20140514091544)
  [1m[35mSQL (87.8ms)[0m  CREATE TABLE `hit_counts` (`id` int(11) DEFAULT NULL auto_increment PRIMARY KEY, `service_id` int(11), `created_at` datetime, `updated_at` datetime) ENGINE=InnoDB
  [1m[36mSQL (31.6ms)[0m  [1mINSERT INTO `schema_migrations` (`version`) VALUES ('20140514091544')[0m
Migrating to CreateAdminUsersServices (20140514091639)
  [1m[36mSCHEMA (0.4ms)[0m  [1mSHOW TABLES [0m
  [1m[35mSCHEMA (0.4ms)[0m  SHOW TABLES 
  [1m[36mSQL (1.4ms)[0m  [1mSELECT `schema_migrations`.`version` FROM `schema_migrations`[0m
  [1m[35mSCHEMA (0.3ms)[0m  SHOW TABLES 
  [1m[36mSQL (0.2ms)[0m  [1mSELECT `schema_migrations`.`version` FROM `schema_migrations`[0m
  [1m[35mSCHEMA (0.4ms)[0m  SHOW TABLES 
  [1m[36mSQL (0.2ms)[0m  [1mSELECT `schema_migrations`.`version` FROM `schema_migrations`[0m
Migrating to CreateHitCounts (20140514091544)
  [1m[35mSQL (61.6ms)[0m  DROP TABLE `hit_counts`
  [1m[36mAREL (32.9ms)[0m  [1mDELETE FROM `schema_migrations` WHERE `schema_migrations`.`version` = '20140514091544'[0m
Migrating to CreateServices (20140514091401)
  [1m[35mSQL (31.5ms)[0m  DROP TABLE `services`
  [1m[36mAREL (34.0ms)[0m  [1mDELETE FROM `schema_migrations` WHERE `schema_migrations`.`version` = '20140514091401'[0m
Migrating to CreateAdminUsers (20140514091258)
  [1m[35mSQL (31.6ms)[0m  DROP TABLE `admin_users`
  [1m[36mAREL (32.9ms)[0m  [1mDELETE FROM `schema_migrations` WHERE `schema_migrations`.`version` = '20140514091258'[0m
  [1m[35mSCHEMA (0.4ms)[0m  SHOW TABLES 
  [1m[36mSQL (0.3ms)[0m  [1mSELECT `schema_migrations`.`version` FROM `schema_migrations`[0m
  [1m[35mSCHEMA (0.3ms)[0m  SHOW TABLES 
  [1m[36mSCHEMA (0.4ms)[0m  [1mSHOW TABLES [0m
  [1m[35mSCHEMA (0.4ms)[0m  SHOW TABLES 
  [1m[36mSQL (1.3ms)[0m  [1mSELECT `schema_migrations`.`version` FROM `schema_migrations`[0m
Migrating to CreateAdminUsers (20140514091258)
  [1m[35mSQL (453.7ms)[0m  CREATE TABLE `admin_users` (`id` int(11) DEFAULT NULL auto_increment PRIMARY KEY, `username` varchar(30) NOT NULL, `password` varchar(15) NOT NULL, `first_name` varchar(255), `last_name` varchar(255), `created_at` datetime, `updated_at` datetime) ENGINE=InnoDB
  [1m[36mSQL (43.7ms)[0m  [1mINSERT INTO `schema_migrations` (`version`) VALUES ('20140514091258')[0m
Migrating to CreateServices (20140514091401)
  [1m[35mSQL (99.0ms)[0m  CREATE TABLE `services` (`id` int(11) DEFAULT NULL auto_increment PRIMARY KEY, `service_name` varchar(255) NOT NULL, `url_path` varchar(255) NOT NULL, `created_at` datetime, `updated_at` datetime) ENGINE=InnoDB
  [1m[36mSQL (32.7ms)[0m  [1mINSERT INTO `schema_migrations` (`version`) VALUES ('20140514091401')[0m
Migrating to CreateHitCounts (20140514091544)
  [1m[35mSQL (87.7ms)[0m  CREATE TABLE `hit_counts` (`id` int(11) DEFAULT NULL auto_increment PRIMARY KEY, `service_id` int(11), `created_at` datetime, `updated_at` datetime) ENGINE=InnoDB
  [1m[36mSQL (32.7ms)[0m  [1mINSERT INTO `schema_migrations` (`version`) VALUES ('20140514091544')[0m
Migrating to CreateAdminUsersServices (20140514091639)
  [1m[35mSQL (100.7ms)[0m  CREATE TABLE `admin_users_services` (`admin_user_id` int(11), `service_id` int(11), `created_at` datetime, `updated_at` datetime) ENGINE=InnoDB
  [1m[36mSQL (54.9ms)[0m  [1mINSERT INTO `schema_migrations` (`version`) VALUES ('20140514091639')[0m
Migrating to CreateLocations (20140514094730)
  [1m[35mSQL (110.0ms)[0m  CREATE TABLE `locations` (`facility` varchar(255), `district` varchar(255), `created_at` datetime, `updated_at` datetime) ENGINE=InnoDB
  [1m[36mSQL (43.8ms)[0m  [1mINSERT INTO `schema_migrations` (`version`) VALUES ('20140514094730')[0m
  [1m[35mSCHEMA (0.5ms)[0m  SHOW TABLES 
  [1m[36mSQL (0.4ms)[0m  [1mSELECT `schema_migrations`.`version` FROM `schema_migrations`[0m
  [1m[35mSCHEMA (0.4ms)[0m  SHOW TABLES 
  [1m[36mSQL (1.0ms)[0m  [1mdescribe `admin_users`[0m
  [1m[35mSQL (0.4ms)[0m  SHOW KEYS FROM `admin_users`
  [1m[36mSQL (0.8ms)[0m  [1mdescribe `admin_users_services`[0m
  [1m[35mSQL (0.4ms)[0m  SHOW KEYS FROM `admin_users_services`
  [1m[36mSQL (0.8ms)[0m  [1mdescribe `hit_counts`[0m
  [1m[35mSQL (0.4ms)[0m  SHOW KEYS FROM `hit_counts`
  [1m[36mSQL (0.7ms)[0m  [1mdescribe `locations`[0m
  [1m[35mSQL (0.4ms)[0m  SHOW KEYS FROM `locations`
  [1m[36mSQL (0.7ms)[0m  [1mdescribe `services`[0m
  [1m[35mSQL (0.4ms)[0m  SHOW KEYS FROM `services`
  [1m[36mSCHEMA (0.3ms)[0m  [1mSHOW TABLES [0m
  [1m[35mSCHEMA (0.3ms)[0m  SHOW TABLES 
  [1m[36mSQL (1.3ms)[0m  [1mSELECT `schema_migrations`.`version` FROM `schema_migrations`[0m
  [1m[35mSCHEMA (0.4ms)[0m  SHOW TABLES 
  [1m[36mSQL (0.2ms)[0m  [1mSELECT `schema_migrations`.`version` FROM `schema_migrations`[0m
  [1m[35mSCHEMA (0.4ms)[0m  SHOW TABLES 
  [1m[36mSQL (0.2ms)[0m  [1mSELECT `schema_migrations`.`version` FROM `schema_migrations`[0m
Migrating to CreateLocations (20140514094730)
  [1m[35mSQL (58.7ms)[0m  DROP TABLE `locations`
  [1m[36mAREL (32.9ms)[0m  [1mDELETE FROM `schema_migrations` WHERE `schema_migrations`.`version` = '20140514094730'[0m
Migrating to CreateAdminUsersServices (20140514091639)
  [1m[35mSQL (0.4ms)[0m  DROP TABLE `admin_user_services`
Mysql2::Error: Unknown table 'admin_user_services': DROP TABLE `admin_user_services`
  [1m[36mSCHEMA (0.3ms)[0m  [1mSHOW TABLES [0m
  [1m[35mSCHEMA (0.3ms)[0m  SHOW TABLES 
  [1m[36mSQL (1.4ms)[0m  [1mSELECT `schema_migrations`.`version` FROM `schema_migrations`[0m
  [1m[35mSCHEMA (0.3ms)[0m  SHOW TABLES 
  [1m[36mSQL (0.1ms)[0m  [1mSELECT `schema_migrations`.`version` FROM `schema_migrations`[0m
  [1m[35mSCHEMA (0.3ms)[0m  SHOW TABLES 
  [1m[36mSQL (0.1ms)[0m  [1mSELECT `schema_migrations`.`version` FROM `schema_migrations`[0m
Migrating to CreateAdminUsersServices (20140514091639)
  [1m[35mSQL (368.7ms)[0m  DROP TABLE `admin_users_services`
  [1m[36mAREL (33.0ms)[0m  [1mDELETE FROM `schema_migrations` WHERE `schema_migrations`.`version` = '20140514091639'[0m
Migrating to CreateHitCounts (20140514091544)
  [1m[35mSQL (31.7ms)[0m  DROP TABLE `hit_counts`
  [1m[36mAREL (44.0ms)[0m  [1mDELETE FROM `schema_migrations` WHERE `schema_migrations`.`version` = '20140514091544'[0m
Migrating to CreateServices (20140514091401)
  [1m[35mSQL (43.3ms)[0m  DROP TABLE `services`
  [1m[36mAREL (34.4ms)[0m  [1mDELETE FROM `schema_migrations` WHERE `schema_migrations`.`version` = '20140514091401'[0m
Migrating to CreateAdminUsers (20140514091258)
  [1m[35mSQL (42.4ms)[0m  DROP TABLE `admin_users`
  [1m[36mAREL (33.0ms)[0m  [1mDELETE FROM `schema_migrations` WHERE `schema_migrations`.`version` = '20140514091258'[0m
  [1m[35mSCHEMA (0.4ms)[0m  SHOW TABLES 
  [1m[36mSQL (0.3ms)[0m  [1mSELECT `schema_migrations`.`version` FROM `schema_migrations`[0m
  [1m[35mSCHEMA (0.3ms)[0m  SHOW TABLES 
  [1m[36mSCHEMA (0.3ms)[0m  [1mSHOW TABLES [0m
  [1m[35mSCHEMA (0.3ms)[0m  SHOW TABLES 
  [1m[36mSQL (1.2ms)[0m  [1mSELECT `schema_migrations`.`version` FROM `schema_migrations`[0m
Migrating to CreateAdminUsers (20140514091258)
  [1m[35mSQL (112.3ms)[0m  CREATE TABLE `admin_users` (`id` int(11) DEFAULT NULL auto_increment PRIMARY KEY, `username` varchar(30) NOT NULL, `password` varchar(15) NOT NULL, `first_name` varchar(255), `last_name` varchar(255), `created_at` datetime, `updated_at` datetime) ENGINE=InnoDB
  [1m[36mSQL (32.6ms)[0m  [1mINSERT INTO `schema_migrations` (`version`) VALUES ('20140514091258')[0m
Migrating to CreateServices (20140514091401)
  [1m[35mSQL (85.8ms)[0m  CREATE TABLE `services` (`id` int(11) DEFAULT NULL auto_increment PRIMARY KEY, `service_name` varchar(255) NOT NULL, `url_path` varchar(255) NOT NULL, `created_at` datetime, `updated_at` datetime) ENGINE=InnoDB
  [1m[36mSQL (43.8ms)[0m  [1mINSERT INTO `schema_migrations` (`version`) VALUES ('20140514091401')[0m
Migrating to CreateHitCounts (20140514091544)
  [1m[35mSQL (109.9ms)[0m  CREATE TABLE `hit_counts` (`id` int(11) DEFAULT NULL auto_increment PRIMARY KEY, `service_id` int(11), `created_at` datetime, `updated_at` datetime) ENGINE=InnoDB
  [1m[36mSQL (45.3ms)[0m  [1mINSERT INTO `schema_migrations` (`version`) VALUES ('20140514091544')[0m
Migrating to CreateAdminUsersServices (20140514091639)
  [1m[35mSQL (99.4ms)[0m  CREATE TABLE `admin_users_services` (`admin_user_id` int(11), `service_id` int(11)) ENGINE=InnoDB
  [1m[36mSQL (32.5ms)[0m  [1mINSERT INTO `schema_migrations` (`version`) VALUES ('20140514091639')[0m
Migrating to CreateLocations (20140514094730)
  [1m[35mSQL (87.9ms)[0m  CREATE TABLE `locations` (`facility` varchar(255), `district` varchar(255), `created_at` datetime, `updated_at` datetime) ENGINE=InnoDB
  [1m[36mSQL (32.6ms)[0m  [1mINSERT INTO `schema_migrations` (`version`) VALUES ('20140514094730')[0m
  [1m[35mSCHEMA (0.4ms)[0m  SHOW TABLES 
  [1m[36mSQL (0.3ms)[0m  [1mSELECT `schema_migrations`.`version` FROM `schema_migrations`[0m
  [1m[35mSCHEMA (0.4ms)[0m  SHOW TABLES 
  [1m[36mSQL (1.2ms)[0m  [1mdescribe `admin_users`[0m
  [1m[35mSQL (0.5ms)[0m  SHOW KEYS FROM `admin_users`
  [1m[36mSQL (1.0ms)[0m  [1mdescribe `admin_users_services`[0m
  [1m[35mSQL (0.5ms)[0m  SHOW KEYS FROM `admin_users_services`
  [1m[36mSQL (1.1ms)[0m  [1mdescribe `hit_counts`[0m
  [1m[35mSQL (0.5ms)[0m  SHOW KEYS FROM `hit_counts`
  [1m[36mSQL (1.0ms)[0m  [1mdescribe `locations`[0m
  [1m[35mSQL (0.5ms)[0m  SHOW KEYS FROM `locations`
  [1m[36mSQL (1.1ms)[0m  [1mdescribe `services`[0m
  [1m[35mSQL (0.5ms)[0m  SHOW KEYS FROM `services`
  [1m[36mSCHEMA (0.3ms)[0m  [1mSHOW TABLES [0m
  [1m[35mSCHEMA (0.3ms)[0m  SHOW TABLES 
  [1m[36mSQL (1.2ms)[0m  [1mSELECT `schema_migrations`.`version` FROM `schema_migrations`[0m
  [1m[35mSCHEMA (0.3ms)[0m  SHOW TABLES 
  [1m[36mSQL (0.2ms)[0m  [1mSELECT `schema_migrations`.`version` FROM `schema_migrations`[0m
  [1m[35mSCHEMA (0.3ms)[0m  SHOW TABLES 
  [1m[36mSQL (0.2ms)[0m  [1mSELECT `schema_migrations`.`version` FROM `schema_migrations`[0m
Migrating to CreateLocations (20140514094730)
  [1m[35mSQL (78.6ms)[0m  DROP TABLE `locations`
  [1m[36mAREL (32.8ms)[0m  [1mDELETE FROM `schema_migrations` WHERE `schema_migrations`.`version` = '20140514094730'[0m
Migrating to CreateAdminUsersServices (20140514091639)
  [1m[35mSQL (31.5ms)[0m  DROP TABLE `admin_users_services`
  [1m[36mAREL (32.7ms)[0m  [1mDELETE FROM `schema_migrations` WHERE `schema_migrations`.`version` = '20140514091639'[0m
Migrating to CreateHitCounts (20140514091544)
  [1m[35mSQL (31.7ms)[0m  DROP TABLE `hit_counts`
  [1m[36mAREL (32.9ms)[0m  [1mDELETE FROM `schema_migrations` WHERE `schema_migrations`.`version` = '20140514091544'[0m
Migrating to CreateServices (20140514091401)
  [1m[35mSQL (31.5ms)[0m  DROP TABLE `services`
  [1m[36mAREL (45.6ms)[0m  [1mDELETE FROM `schema_migrations` WHERE `schema_migrations`.`version` = '20140514091401'[0m
Migrating to CreateAdminUsers (20140514091258)
  [1m[35mSQL (42.8ms)[0m  DROP TABLE `admin_users`
  [1m[36mAREL (55.2ms)[0m  [1mDELETE FROM `schema_migrations` WHERE `schema_migrations`.`version` = '20140514091258'[0m
  [1m[35mSCHEMA (0.4ms)[0m  SHOW TABLES 
  [1m[36mSQL (0.3ms)[0m  [1mSELECT `schema_migrations`.`version` FROM `schema_migrations`[0m
  [1m[35mSCHEMA (0.3ms)[0m  SHOW TABLES 
  [1m[36mSCHEMA (0.4ms)[0m  [1mSHOW TABLES [0m
  [1m[35mSCHEMA (0.3ms)[0m  SHOW TABLES 
  [1m[36mSQL (1.7ms)[0m  [1mSELECT `schema_migrations`.`version` FROM `schema_migrations`[0m
Migrating to CreateAdminUsers (20140514091258)
  [1m[35mSQL (109.1ms)[0m  CREATE TABLE `admin_users` (`id` int(11) DEFAULT NULL auto_increment PRIMARY KEY, `username` varchar(30) NOT NULL, `password` varchar(15) NOT NULL, `first_name` varchar(255), `last_name` varchar(255), `created_at` datetime, `updated_at` datetime) ENGINE=InnoDB
  [1m[36mSQL (32.6ms)[0m  [1mINSERT INTO `schema_migrations` (`version`) VALUES ('20140514091258')[0m
Migrating to CreateServices (20140514091401)
  [1m[35mSQL (87.7ms)[0m  CREATE TABLE `services` (`id` int(11) DEFAULT NULL auto_increment PRIMARY KEY, `service_name` varchar(255) NOT NULL, `url_path` varchar(255) NOT NULL, `created_at` datetime, `updated_at` datetime) ENGINE=InnoDB
  [1m[36mSQL (32.4ms)[0m  [1mINSERT INTO `schema_migrations` (`version`) VALUES ('20140514091401')[0m
Migrating to CreateHitCounts (20140514091544)
  [1m[35mSQL (109.6ms)[0m  CREATE TABLE `hit_counts` (`id` int(11) DEFAULT NULL auto_increment PRIMARY KEY, `service_id` int(11), `created_at` datetime, `updated_at` datetime) ENGINE=InnoDB
  [1m[36mSQL (43.6ms)[0m  [1mINSERT INTO `schema_migrations` (`version`) VALUES ('20140514091544')[0m
Migrating to CreateAdminUsersServices (20140514091639)
  [1m[35mSQL (0.4ms)[0m  ALTER TABLE admin_users_services primary key (admin_user_id, service_id)
Mysql2::Error: You have an error in your SQL syntax; check the manual that corresponds to your MySQL server version for the right syntax to use near 'primary key (admin_user_id, service_id)' at line 1: ALTER TABLE admin_users_services primary key (admin_user_id, service_id)
  [1m[36mSCHEMA (0.3ms)[0m  [1mSHOW TABLES [0m
  [1m[35mSCHEMA (0.3ms)[0m  SHOW TABLES 
  [1m[36mSQL (1.4ms)[0m  [1mSELECT `schema_migrations`.`version` FROM `schema_migrations`[0m
  [1m[35mSCHEMA (0.3ms)[0m  SHOW TABLES 
  [1m[36mSQL (0.2ms)[0m  [1mSELECT `schema_migrations`.`version` FROM `schema_migrations`[0m
  [1m[35mSCHEMA (0.4ms)[0m  SHOW TABLES 
  [1m[36mSQL (0.2ms)[0m  [1mSELECT `schema_migrations`.`version` FROM `schema_migrations`[0m
Migrating to CreateHitCounts (20140514091544)
  [1m[35mSQL (58.4ms)[0m  DROP TABLE `hit_counts`
  [1m[36mAREL (43.1ms)[0m  [1mDELETE FROM `schema_migrations` WHERE `schema_migrations`.`version` = '20140514091544'[0m
Migrating to CreateServices (20140514091401)
  [1m[35mSQL (42.8ms)[0m  DROP TABLE `services`
  [1m[36mAREL (44.2ms)[0m  [1mDELETE FROM `schema_migrations` WHERE `schema_migrations`.`version` = '20140514091401'[0m
Migrating to CreateAdminUsers (20140514091258)
  [1m[35mSQL (42.8ms)[0m  DROP TABLE `admin_users`
  [1m[36mAREL (44.2ms)[0m  [1mDELETE FROM `schema_migrations` WHERE `schema_migrations`.`version` = '20140514091258'[0m
  [1m[35mSCHEMA (0.4ms)[0m  SHOW TABLES 
  [1m[36mSQL (0.3ms)[0m  [1mSELECT `schema_migrations`.`version` FROM `schema_migrations`[0m
  [1m[35mSCHEMA (0.3ms)[0m  SHOW TABLES 
  [1m[36mSCHEMA (0.3ms)[0m  [1mSHOW TABLES [0m
  [1m[35mSCHEMA (0.3ms)[0m  SHOW TABLES 
  [1m[36mSQL (1.2ms)[0m  [1mSELECT `schema_migrations`.`version` FROM `schema_migrations`[0m
Migrating to CreateAdminUsers (20140514091258)
  [1m[35mSQL (127.0ms)[0m  CREATE TABLE `admin_users` (`id` int(11) DEFAULT NULL auto_increment PRIMARY KEY, `username` varchar(30) NOT NULL, `password` varchar(15) NOT NULL, `first_name` varchar(255), `last_name` varchar(255), `created_at` datetime, `updated_at` datetime) ENGINE=InnoDB
  [1m[36mSQL (32.6ms)[0m  [1mINSERT INTO `schema_migrations` (`version`) VALUES ('20140514091258')[0m
Migrating to CreateServices (20140514091401)
  [1m[35mSQL (87.5ms)[0m  CREATE TABLE `services` (`id` int(11) DEFAULT NULL auto_increment PRIMARY KEY, `service_name` varchar(255) NOT NULL, `url_path` varchar(255) NOT NULL, `created_at` datetime, `updated_at` datetime) ENGINE=InnoDB
  [1m[36mSQL (32.5ms)[0m  [1mINSERT INTO `schema_migrations` (`version`) VALUES ('20140514091401')[0m
Migrating to CreateHitCounts (20140514091544)
  [1m[35mSQL (98.9ms)[0m  CREATE TABLE `hit_counts` (`id` int(11) DEFAULT NULL auto_increment PRIMARY KEY, `service_id` int(11), `created_at` datetime, `updated_at` datetime) ENGINE=InnoDB
  [1m[36mSQL (54.9ms)[0m  [1mINSERT INTO `schema_migrations` (`version`) VALUES ('20140514091544')[0m
Migrating to CreateAdminUsersServices (20140514091639)
  [1m[35mSQL (0.7ms)[0m  ALTER TABLE admin_users_services add constraint primary key (admin_user_id, service_id)
Mysql2::Error: Table 'application_portal_dev.admin_users_services' doesn't exist: ALTER TABLE admin_users_services add constraint primary key (admin_user_id, service_id)
  [1m[36mSCHEMA (0.3ms)[0m  [1mSHOW TABLES [0m
  [1m[35mSCHEMA (0.3ms)[0m  SHOW TABLES 
  [1m[36mSQL (1.4ms)[0m  [1mSELECT `schema_migrations`.`version` FROM `schema_migrations`[0m
  [1m[35mSCHEMA (0.4ms)[0m  SHOW TABLES 
  [1m[36mSQL (0.2ms)[0m  [1mSELECT `schema_migrations`.`version` FROM `schema_migrations`[0m
  [1m[35mSCHEMA (0.4ms)[0m  SHOW TABLES 
  [1m[36mSQL (0.2ms)[0m  [1mSELECT `schema_migrations`.`version` FROM `schema_migrations`[0m
Migrating to CreateHitCounts (20140514091544)
  [1m[35mSQL (55.0ms)[0m  DROP TABLE `hit_counts`
  [1m[36mAREL (32.9ms)[0m  [1mDELETE FROM `schema_migrations` WHERE `schema_migrations`.`version` = '20140514091544'[0m
Migrating to CreateServices (20140514091401)
  [1m[35mSQL (31.8ms)[0m  DROP TABLE `services`
  [1m[36mAREL (43.8ms)[0m  [1mDELETE FROM `schema_migrations` WHERE `schema_migrations`.`version` = '20140514091401'[0m
Migrating to CreateAdminUsers (20140514091258)
  [1m[35mSQL (43.1ms)[0m  DROP TABLE `admin_users`
  [1m[36mAREL (43.7ms)[0m  [1mDELETE FROM `schema_migrations` WHERE `schema_migrations`.`version` = '20140514091258'[0m
  [1m[35mSCHEMA (0.4ms)[0m  SHOW TABLES 
  [1m[36mSQL (0.3ms)[0m  [1mSELECT `schema_migrations`.`version` FROM `schema_migrations`[0m
  [1m[35mSCHEMA (0.3ms)[0m  SHOW TABLES 
  [1m[36mSCHEMA (1.3ms)[0m  [1mSHOW TABLES [0m
  [1m[35mSCHEMA (0.4ms)[0m  SHOW TABLES 
  [1m[36mSQL (1.5ms)[0m  [1mSELECT `schema_migrations`.`version` FROM `schema_migrations`[0m
Migrating to CreateAdminUsers (20140514091258)
  [1m[35mSQL (119.9ms)[0m  CREATE TABLE `admin_users` (`id` int(11) DEFAULT NULL auto_increment PRIMARY KEY, `username` varchar(30) NOT NULL, `password` varchar(15) NOT NULL, `first_name` varchar(255), `last_name` varchar(255), `created_at` datetime, `updated_at` datetime) ENGINE=InnoDB
  [1m[36mSQL (32.3ms)[0m  [1mINSERT INTO `schema_migrations` (`version`) VALUES ('20140514091258')[0m
Migrating to CreateServices (20140514091401)
  [1m[35mSQL (87.5ms)[0m  CREATE TABLE `services` (`id` int(11) DEFAULT NULL auto_increment PRIMARY KEY, `service_name` varchar(255) NOT NULL, `url_path` varchar(255) NOT NULL, `created_at` datetime, `updated_at` datetime) ENGINE=InnoDB
  [1m[36mSQL (43.9ms)[0m  [1mINSERT INTO `schema_migrations` (`version`) VALUES ('20140514091401')[0m
Migrating to CreateHitCounts (20140514091544)
  [1m[35mSQL (100.1ms)[0m  CREATE TABLE `hit_counts` (`id` int(11) DEFAULT NULL auto_increment PRIMARY KEY, `service_id` int(11), `created_at` datetime, `updated_at` datetime) ENGINE=InnoDB
  [1m[36mSQL (32.4ms)[0m  [1mINSERT INTO `schema_migrations` (`version`) VALUES ('20140514091544')[0m
Migrating to CreateAdminUsersServices (20140514091639)
  [1m[36mSCHEMA (0.4ms)[0m  [1mSHOW TABLES [0m
  [1m[35mSCHEMA (0.4ms)[0m  SHOW TABLES 
  [1m[36mSQL (1.4ms)[0m  [1mSELECT `schema_migrations`.`version` FROM `schema_migrations`[0m
  [1m[35mSCHEMA (0.3ms)[0m  SHOW TABLES 
  [1m[36mSQL (0.1ms)[0m  [1mSELECT `schema_migrations`.`version` FROM `schema_migrations`[0m
  [1m[35mSCHEMA (0.3ms)[0m  SHOW TABLES 
  [1m[36mSQL (0.2ms)[0m  [1mSELECT `schema_migrations`.`version` FROM `schema_migrations`[0m
Migrating to CreateHitCounts (20140514091544)
  [1m[35mSQL (54.5ms)[0m  DROP TABLE `hit_counts`
  [1m[36mAREL (32.2ms)[0m  [1mDELETE FROM `schema_migrations` WHERE `schema_migrations`.`version` = '20140514091544'[0m
Migrating to CreateServices (20140514091401)
  [1m[35mSQL (44.4ms)[0m  DROP TABLE `services`
  [1m[36mAREL (44.2ms)[0m  [1mDELETE FROM `schema_migrations` WHERE `schema_migrations`.`version` = '20140514091401'[0m
Migrating to CreateAdminUsers (20140514091258)
  [1m[35mSQL (42.6ms)[0m  DROP TABLE `admin_users`
  [1m[36mAREL (44.1ms)[0m  [1mDELETE FROM `schema_migrations` WHERE `schema_migrations`.`version` = '20140514091258'[0m
  [1m[35mSCHEMA (0.4ms)[0m  SHOW TABLES 
  [1m[36mSQL (0.4ms)[0m  [1mSELECT `schema_migrations`.`version` FROM `schema_migrations`[0m
  [1m[35mSCHEMA (0.4ms)[0m  SHOW TABLES 
  [1m[36mSCHEMA (0.3ms)[0m  [1mSHOW TABLES [0m
  [1m[35mSCHEMA (0.3ms)[0m  SHOW TABLES 
  [1m[36mSQL (1.5ms)[0m  [1mSELECT `schema_migrations`.`version` FROM `schema_migrations`[0m
Migrating to CreateAdminUsers (20140514091258)
  [1m[35mSQL (106.7ms)[0m  CREATE TABLE `admin_users` (`id` int(11) DEFAULT NULL auto_increment PRIMARY KEY, `username` varchar(30) NOT NULL, `password` varchar(15) NOT NULL, `first_name` varchar(255), `last_name` varchar(255), `created_at` datetime, `updated_at` datetime) ENGINE=InnoDB
  [1m[36mSQL (32.6ms)[0m  [1mINSERT INTO `schema_migrations` (`version`) VALUES ('20140514091258')[0m
Migrating to CreateServices (20140514091401)
  [1m[35mSQL (98.6ms)[0m  CREATE TABLE `services` (`id` int(11) DEFAULT NULL auto_increment PRIMARY KEY, `service_name` varchar(255) NOT NULL, `url_path` varchar(255) NOT NULL, `created_at` datetime, `updated_at` datetime) ENGINE=InnoDB
  [1m[36mSQL (32.3ms)[0m  [1mINSERT INTO `schema_migrations` (`version`) VALUES ('20140514091401')[0m
Migrating to CreateHitCounts (20140514091544)
  [1m[35mSQL (87.8ms)[0m  CREATE TABLE `hit_counts` (`id` int(11) DEFAULT NULL auto_increment PRIMARY KEY, `service_id` int(11), `created_at` datetime, `updated_at` datetime) ENGINE=InnoDB
  [1m[36mSQL (43.8ms)[0m  [1mINSERT INTO `schema_migrations` (`version`) VALUES ('20140514091544')[0m
Migrating to CreateAdminUsersServices (20140514091639)
  [1m[36mSCHEMA (0.4ms)[0m  [1mSHOW TABLES [0m
  [1m[35mSCHEMA (0.5ms)[0m  SHOW TABLES 
  [1m[36mSQL (1.5ms)[0m  [1mSELECT `schema_migrations`.`version` FROM `schema_migrations`[0m
  [1m[35mSCHEMA (0.4ms)[0m  SHOW TABLES 
  [1m[36mSQL (0.2ms)[0m  [1mSELECT `schema_migrations`.`version` FROM `schema_migrations`[0m
  [1m[35mSCHEMA (0.3ms)[0m  SHOW TABLES 
  [1m[36mSQL (0.2ms)[0m  [1mSELECT `schema_migrations`.`version` FROM `schema_migrations`[0m
Migrating to CreateHitCounts (20140514091544)
  [1m[35mSQL (58.2ms)[0m  DROP TABLE `hit_counts`
  [1m[36mAREL (32.7ms)[0m  [1mDELETE FROM `schema_migrations` WHERE `schema_migrations`.`version` = '20140514091544'[0m
Migrating to CreateServices (20140514091401)
  [1m[35mSQL (31.7ms)[0m  DROP TABLE `services`
  [1m[36mAREL (32.9ms)[0m  [1mDELETE FROM `schema_migrations` WHERE `schema_migrations`.`version` = '20140514091401'[0m
Migrating to CreateAdminUsers (20140514091258)
  [1m[35mSQL (31.3ms)[0m  DROP TABLE `admin_users`
  [1m[36mAREL (43.8ms)[0m  [1mDELETE FROM `schema_migrations` WHERE `schema_migrations`.`version` = '20140514091258'[0m
  [1m[35mSCHEMA (0.4ms)[0m  SHOW TABLES 
  [1m[36mSQL (0.3ms)[0m  [1mSELECT `schema_migrations`.`version` FROM `schema_migrations`[0m
  [1m[35mSCHEMA (0.3ms)[0m  SHOW TABLES 
  [1m[36mSCHEMA (0.3ms)[0m  [1mSHOW TABLES [0m
  [1m[35mSCHEMA (0.3ms)[0m  SHOW TABLES 
  [1m[36mSQL (1.4ms)[0m  [1mSELECT `schema_migrations`.`version` FROM `schema_migrations`[0m
Migrating to CreateAdminUsers (20140514091258)
  [1m[35mSQL (118.3ms)[0m  CREATE TABLE `admin_users` (`id` int(11) DEFAULT NULL auto_increment PRIMARY KEY, `username` varchar(30) NOT NULL, `password` varchar(15) NOT NULL, `first_name` varchar(255), `last_name` varchar(255), `created_at` datetime, `updated_at` datetime) ENGINE=InnoDB
  [1m[36mSQL (43.6ms)[0m  [1mINSERT INTO `schema_migrations` (`version`) VALUES ('20140514091258')[0m
Migrating to CreateServices (20140514091401)
  [1m[35mSQL (88.9ms)[0m  CREATE TABLE `services` (`id` int(11) DEFAULT NULL auto_increment PRIMARY KEY, `service_name` varchar(255) NOT NULL, `url_path` varchar(255) NOT NULL, `created_at` datetime, `updated_at` datetime) ENGINE=InnoDB
  [1m[36mSQL (32.7ms)[0m  [1mINSERT INTO `schema_migrations` (`version`) VALUES ('20140514091401')[0m
Migrating to CreateHitCounts (20140514091544)
  [1m[35mSQL (110.1ms)[0m  CREATE TABLE `hit_counts` (`id` int(11) DEFAULT NULL auto_increment PRIMARY KEY, `service_id` int(11), `created_at` datetime, `updated_at` datetime) ENGINE=InnoDB
  [1m[36mSQL (32.5ms)[0m  [1mINSERT INTO `schema_migrations` (`version`) VALUES ('20140514091544')[0m
Migrating to CreateAdminUsersServices (20140514091639)
  [1m[36mSCHEMA (0.4ms)[0m  [1mSHOW TABLES [0m
  [1m[35mSCHEMA (0.4ms)[0m  SHOW TABLES 
  [1m[36mSQL (1.6ms)[0m  [1mSELECT `schema_migrations`.`version` FROM `schema_migrations`[0m
  [1m[35mSCHEMA (0.4ms)[0m  SHOW TABLES 
  [1m[36mSQL (0.2ms)[0m  [1mSELECT `schema_migrations`.`version` FROM `schema_migrations`[0m
  [1m[35mSCHEMA (0.4ms)[0m  SHOW TABLES 
  [1m[36mSQL (0.2ms)[0m  [1mSELECT `schema_migrations`.`version` FROM `schema_migrations`[0m
Migrating to CreateHitCounts (20140514091544)
  [1m[35mSQL (60.3ms)[0m  DROP TABLE `hit_counts`
  [1m[36mAREL (43.5ms)[0m  [1mDELETE FROM `schema_migrations` WHERE `schema_migrations`.`version` = '20140514091544'[0m
Migrating to CreateServices (20140514091401)
  [1m[35mSQL (42.7ms)[0m  DROP TABLE `services`
  [1m[36mAREL (44.1ms)[0m  [1mDELETE FROM `schema_migrations` WHERE `schema_migrations`.`version` = '20140514091401'[0m
Migrating to CreateAdminUsers (20140514091258)
  [1m[35mSQL (43.0ms)[0m  DROP TABLE `admin_users`
  [1m[36mAREL (32.7ms)[0m  [1mDELETE FROM `schema_migrations` WHERE `schema_migrations`.`version` = '20140514091258'[0m
  [1m[35mSCHEMA (0.6ms)[0m  SHOW TABLES 
  [1m[36mSQL (0.4ms)[0m  [1mSELECT `schema_migrations`.`version` FROM `schema_migrations`[0m
  [1m[35mSCHEMA (0.6ms)[0m  SHOW TABLES 
  [1m[36mSCHEMA (0.3ms)[0m  [1mSHOW TABLES [0m
  [1m[35mSCHEMA (0.4ms)[0m  SHOW TABLES 
  [1m[36mSQL (1.2ms)[0m  [1mSELECT `schema_migrations`.`version` FROM `schema_migrations`[0m
Migrating to CreateAdminUsers (20140514091258)
  [1m[35mSQL (116.1ms)[0m  CREATE TABLE `admin_users` (`id` int(11) DEFAULT NULL auto_increment PRIMARY KEY, `username` varchar(30) NOT NULL, `password` varchar(15) NOT NULL, `first_name` varchar(255), `last_name` varchar(255), `created_at` datetime, `updated_at` datetime) ENGINE=InnoDB
  [1m[36mSQL (32.6ms)[0m  [1mINSERT INTO `schema_migrations` (`version`) VALUES ('20140514091258')[0m
Migrating to CreateServices (20140514091401)
  [1m[35mSQL (89.2ms)[0m  CREATE TABLE `services` (`id` int(11) DEFAULT NULL auto_increment PRIMARY KEY, `service_name` varchar(255) NOT NULL, `url_path` varchar(255) NOT NULL, `created_at` datetime, `updated_at` datetime) ENGINE=InnoDB
  [1m[36mSQL (32.1ms)[0m  [1mINSERT INTO `schema_migrations` (`version`) VALUES ('20140514091401')[0m
Migrating to CreateHitCounts (20140514091544)
  [1m[35mSQL (98.9ms)[0m  CREATE TABLE `hit_counts` (`id` int(11) DEFAULT NULL auto_increment PRIMARY KEY, `service_id` int(11), `created_at` datetime, `updated_at` datetime) ENGINE=InnoDB
  [1m[36mSQL (43.8ms)[0m  [1mINSERT INTO `schema_migrations` (`version`) VALUES ('20140514091544')[0m
Migrating to CreateAdminUsersServices (20140514091639)
  [1m[36mSCHEMA (0.3ms)[0m  [1mSHOW TABLES [0m
  [1m[35mSCHEMA (0.3ms)[0m  SHOW TABLES 
  [1m[36mSQL (2.4ms)[0m  [1mSELECT `schema_migrations`.`version` FROM `schema_migrations`[0m
  [1m[35mSCHEMA (0.3ms)[0m  SHOW TABLES 
  [1m[36mSQL (0.2ms)[0m  [1mSELECT `schema_migrations`.`version` FROM `schema_migrations`[0m
  [1m[35mSCHEMA (0.6ms)[0m  SHOW TABLES 
  [1m[36mSQL (0.2ms)[0m  [1mSELECT `schema_migrations`.`version` FROM `schema_migrations`[0m
Migrating to CreateHitCounts (20140514091544)
  [1m[35mSQL (71.6ms)[0m  DROP TABLE `hit_counts`
  [1m[36mAREL (43.6ms)[0m  [1mDELETE FROM `schema_migrations` WHERE `schema_migrations`.`version` = '20140514091544'[0m
Migrating to CreateServices (20140514091401)
  [1m[35mSQL (42.9ms)[0m  DROP TABLE `services`
  [1m[36mAREL (43.8ms)[0m  [1mDELETE FROM `schema_migrations` WHERE `schema_migrations`.`version` = '20140514091401'[0m
Migrating to CreateAdminUsers (20140514091258)
  [1m[35mSQL (31.5ms)[0m  DROP TABLE `admin_users`
  [1m[36mAREL (32.9ms)[0m  [1mDELETE FROM `schema_migrations` WHERE `schema_migrations`.`version` = '20140514091258'[0m
  [1m[35mSCHEMA (0.4ms)[0m  SHOW TABLES 
  [1m[36mSQL (0.3ms)[0m  [1mSELECT `schema_migrations`.`version` FROM `schema_migrations`[0m
  [1m[35mSCHEMA (0.3ms)[0m  SHOW TABLES 
  [1m[36mSCHEMA (0.3ms)[0m  [1mSHOW TABLES [0m
  [1m[35mSCHEMA (0.3ms)[0m  SHOW TABLES 
  [1m[36mSQL (1.2ms)[0m  [1mSELECT `schema_migrations`.`version` FROM `schema_migrations`[0m
Migrating to CreateAdminUsers (20140514091258)
  [1m[35mSQL (109.8ms)[0m  CREATE TABLE `admin_users` (`id` int(11) DEFAULT NULL auto_increment PRIMARY KEY, `username` varchar(30) NOT NULL, `password` varchar(15) NOT NULL, `first_name` varchar(255), `last_name` varchar(255), `created_at` datetime, `updated_at` datetime) ENGINE=InnoDB
  [1m[36mSQL (32.4ms)[0m  [1mINSERT INTO `schema_migrations` (`version`) VALUES ('20140514091258')[0m
Migrating to CreateServices (20140514091401)
  [1m[35mSQL (87.7ms)[0m  CREATE TABLE `services` (`id` int(11) DEFAULT NULL auto_increment PRIMARY KEY, `service_name` varchar(255) NOT NULL, `url_path` varchar(255) NOT NULL, `created_at` datetime, `updated_at` datetime) ENGINE=InnoDB
  [1m[36mSQL (43.0ms)[0m  [1mINSERT INTO `schema_migrations` (`version`) VALUES ('20140514091401')[0m
Migrating to CreateHitCounts (20140514091544)
  [1m[35mSQL (100.5ms)[0m  CREATE TABLE `hit_counts` (`id` int(11) DEFAULT NULL auto_increment PRIMARY KEY, `service_id` int(11), `created_at` datetime, `updated_at` datetime) ENGINE=InnoDB
  [1m[36mSQL (54.9ms)[0m  [1mINSERT INTO `schema_migrations` (`version`) VALUES ('20140514091544')[0m
Migrating to CreateAdminUsersServices (20140514091639)
  [1m[35mSQL (65.3ms)[0m  CREATE TABLE `admin_users_services` (`admin_user_id` int(11), `service_id` int(11)) ENGINE=InnoDB
  [1m[36mSQL (32.7ms)[0m  [1mINSERT INTO `schema_migrations` (`version`) VALUES ('20140514091639')[0m
Migrating to CreateLocations (20140514094730)
  [1m[35mSQL (88.0ms)[0m  CREATE TABLE `locations` (`facility` varchar(255), `district` varchar(255), `created_at` datetime, `updated_at` datetime) ENGINE=InnoDB
  [1m[36mSQL (32.7ms)[0m  [1mINSERT INTO `schema_migrations` (`version`) VALUES ('20140514094730')[0m
  [1m[35mSCHEMA (0.5ms)[0m  SHOW TABLES 
  [1m[36mSQL (0.4ms)[0m  [1mSELECT `schema_migrations`.`version` FROM `schema_migrations`[0m
  [1m[35mSCHEMA (0.4ms)[0m  SHOW TABLES 
  [1m[36mSQL (0.9ms)[0m  [1mdescribe `admin_users`[0m
  [1m[35mSQL (0.5ms)[0m  SHOW KEYS FROM `admin_users`
  [1m[36mSQL (0.7ms)[0m  [1mdescribe `admin_users_services`[0m
  [1m[35mSQL (0.4ms)[0m  SHOW KEYS FROM `admin_users_services`
  [1m[36mSQL (0.7ms)[0m  [1mdescribe `hit_counts`[0m
  [1m[35mSQL (0.4ms)[0m  SHOW KEYS FROM `hit_counts`
  [1m[36mSQL (2.3ms)[0m  [1mdescribe `locations`[0m
  [1m[35mSQL (0.5ms)[0m  SHOW KEYS FROM `locations`
  [1m[36mSQL (1.1ms)[0m  [1mdescribe `services`[0m
  [1m[35mSQL (0.5ms)[0m  SHOW KEYS FROM `services`
DEPRECATION WARNING: config.action_view.debug_rjs will be removed in 3.1, from 3.1 onwards you will need to install prototype-rails to continue to use RJS templates . (called from service at /usr/lib/ruby/1.9.1/webrick/httpserver.rb:138)
DEPRECATION WARNING: config.action_view.debug_rjs will be removed in 3.1, from 3.1 onwards you will need to install prototype-rails to continue to use RJS templates . (called from service at /home/tambala/.rvm/rubies/ruby-1.9.3-p385/lib/ruby/1.9.1/webrick/httpserver.rb:138)
DEPRECATION WARNING: config.action_view.debug_rjs will be removed in 3.1, from 3.1 onwards you will need to install prototype-rails to continue to use RJS templates . (called from service at /home/tambala/.rvm/rubies/ruby-1.9.3-p385/lib/ruby/1.9.1/webrick/httpserver.rb:138)


Started GET "/services/display" for 127.0.0.1 at 2014-05-15 21:59:59 +0200
  Processing by ServicesController#display as HTML
Rendered services/display.html.erb within layouts/application (3.2ms)
Completed 200 OK in 12ms (Views: 11.3ms | ActiveRecord: 0.0ms)
  [1m[36mSCHEMA (0.4ms)[0m  [1mSHOW TABLES [0m
  [1m[35mSCHEMA (0.3ms)[0m  SHOW TABLES 
  [1m[36mSQL (5.8ms)[0m  [1mCREATE TABLE `schema_migrations` (`version` varchar(255) NOT NULL) ENGINE=InnoDB[0m
  [1m[35mSQL (0.6ms)[0m  SHOW KEYS FROM `schema_migrations`
  [1m[36mSQL (125.7ms)[0m  [1mCREATE UNIQUE INDEX `unique_schema_migrations` ON `schema_migrations` (`version`)[0m
  [1m[35mSCHEMA (0.4ms)[0m  SHOW TABLES 
  [1m[36mSCHEMA (0.3ms)[0m  [1mSHOW TABLES [0m
  [1m[35mSCHEMA (0.2ms)[0m  SHOW TABLES 
  [1m[36mSQL (2.4ms)[0m  [1mSELECT `schema_migrations`.`version` FROM `schema_migrations`[0m
Migrating to CreateAdminUsers (20140514091258)
  [1m[35mSQL (3.9ms)[0m  CREATE TABLE `admin_users` (`id` int(11) DEFAULT NULL auto_increment PRIMARY KEY, `username` varchar(30) NOT NULL, `password` varchar(15) NOT NULL, `first_name` varchar(255), `last_name` varchar(255), `created_at` datetime, `updated_at` datetime) ENGINE=InnoDB
  [1m[36mSQL (0.7ms)[0m  [1mINSERT INTO `schema_migrations` (`version`) VALUES ('20140514091258')[0m
Migrating to CreateServices (20140514091401)
  [1m[35mSQL (3.7ms)[0m  CREATE TABLE `services` (`id` int(11) DEFAULT NULL auto_increment PRIMARY KEY, `service_name` varchar(255) NOT NULL, `url_path` varchar(255) NOT NULL, `created_at` datetime, `updated_at` datetime) ENGINE=InnoDB
  [1m[36mSQL (0.8ms)[0m  [1mINSERT INTO `schema_migrations` (`version`) VALUES ('20140514091401')[0m
Migrating to CreateHitCounts (20140514091544)
  [1m[35mSQL (2.8ms)[0m  CREATE TABLE `hit_counts` (`id` int(11) DEFAULT NULL auto_increment PRIMARY KEY, `service_id` int(11), `created_at` datetime, `updated_at` datetime) ENGINE=InnoDB
  [1m[36mSQL (1.1ms)[0m  [1mINSERT INTO `schema_migrations` (`version`) VALUES ('20140514091544')[0m
Migrating to CreateAdminUsersServices (20140514091639)
  [1m[35mSQL (3.0ms)[0m  CREATE TABLE `admin_users_services` (`admin_user_id` int(11), `service_id` int(11)) ENGINE=InnoDB
  [1m[36mSQL (0.7ms)[0m  [1mINSERT INTO `schema_migrations` (`version`) VALUES ('20140514091639')[0m
Migrating to CreateLocations (20140514094730)
  [1m[35mSQL (2.8ms)[0m  CREATE TABLE `locations` (`facility` varchar(255), `district` varchar(255), `created_at` datetime, `updated_at` datetime) ENGINE=InnoDB
  [1m[36mSQL (0.7ms)[0m  [1mINSERT INTO `schema_migrations` (`version`) VALUES ('20140514094730')[0m
  [1m[35mSCHEMA (0.4ms)[0m  SHOW TABLES 
  [1m[36mSQL (0.3ms)[0m  [1mSELECT `schema_migrations`.`version` FROM `schema_migrations`[0m
  [1m[35mSCHEMA (0.3ms)[0m  SHOW TABLES 
  [1m[36mSQL (0.8ms)[0m  [1mdescribe `admin_users`[0m
  [1m[35mSQL (0.3ms)[0m  SHOW KEYS FROM `admin_users`
  [1m[36mSQL (0.6ms)[0m  [1mdescribe `admin_users_services`[0m
  [1m[35mSQL (0.3ms)[0m  SHOW KEYS FROM `admin_users_services`
  [1m[36mSQL (0.6ms)[0m  [1mdescribe `hit_counts`[0m
  [1m[35mSQL (0.3ms)[0m  SHOW KEYS FROM `hit_counts`
  [1m[36mSQL (4.6ms)[0m  [1mdescribe `locations`[0m
  [1m[35mSQL (2.7ms)[0m  SHOW KEYS FROM `locations`
  [1m[36mSQL (0.7ms)[0m  [1mdescribe `services`[0m
  [1m[35mSQL (0.4ms)[0m  SHOW KEYS FROM `services`
  [1m[36mSQL (0.2ms)[0m  [1mBEGIN[0m
  [1m[35mSCHEMA (0.5ms)[0m  SHOW TABLES 
  [1m[36mSQL (1.0ms)[0m  [1mdescribe `services`[0m
  [1m[35mAREL (0.5ms)[0m  INSERT INTO `services` (`service_name`, `url_path`, `created_at`, `updated_at`) VALUES ('BART', 'https\\baobabhealthtrust.com ervicesart', '2014-05-15 20:19:34', '2014-05-15 20:19:34')
  [1m[36mSQL (0.9ms)[0m  [1mCOMMIT[0m
  [1m[35mSQL (0.2ms)[0m  BEGIN
  [1m[36mAREL (0.5ms)[0m  [1mINSERT INTO `services` (`service_name`, `url_path`, `created_at`, `updated_at`) VALUES ('OPD', 'https\\baobabhealthtrust.com ervicesopd', '2014-05-15 20:20:40', '2014-05-15 20:20:40')[0m
  [1m[35mSQL (1.9ms)[0m  COMMIT
  [1m[36mSQL (0.2ms)[0m  [1mBEGIN[0m
  [1m[35mAREL (0.5ms)[0m  INSERT INTO `services` (`service_name`, `url_path`, `created_at`, `updated_at`) VALUES ('DASHBOARD', 'https\\baobabhealthtrust.com ervicesdashboard', '2014-05-15 20:21:14', '2014-05-15 20:21:14')
  [1m[36mSQL (20.2ms)[0m  [1mCOMMIT[0m
  [1m[35mSQL (0.2ms)[0m  BEGIN
  [1m[36mAREL (0.5ms)[0m  [1mINSERT INTO `services` (`service_name`, `url_path`, `created_at`, `updated_at`) VALUES ('REGISTRATION', 'https\\baobabhealthtrust.com ervices\reg', '2014-05-15 20:21:43', '2014-05-15 20:21:43')[0m
  [1m[35mSQL (1.9ms)[0m  COMMIT
  [1m[36mSQL (0.2ms)[0m  [1mBEGIN[0m
  [1m[35mAREL (0.5ms)[0m  INSERT INTO `services` (`service_name`, `url_path`, `created_at`, `updated_at`) VALUES ('ePICS', 'https\\baobabhealthtrust.com ervicespics', '2014-05-15 20:22:21', '2014-05-15 20:22:21')
  [1m[36mSQL (2.0ms)[0m  [1mCOMMIT[0m
  [1m[35mSQL (0.2ms)[0m  BEGIN
  [1m[36mAREL (0.5ms)[0m  [1mINSERT INTO `services` (`service_name`, `url_path`, `created_at`, `updated_at`) VALUES ('HCSA', 'https\\baobabhealthtrust.com erviceshcsa', '2014-05-15 20:22:38', '2014-05-15 20:22:38')[0m
  [1m[35mSQL (1.9ms)[0m  COMMIT
  [1m[36mSQL (0.2ms)[0m  [1mBEGIN[0m
  [1m[35mAREL (0.9ms)[0m  INSERT INTO `services` (`service_name`, `url_path`, `created_at`, `updated_at`) VALUES ('RADIOLOGY', 'https\\baobabhealthtrust.com ervices\radiology', '2014-05-15 20:23:26', '2014-05-15 20:23:26')
  [1m[36mSQL (1.4ms)[0m  [1mCOMMIT[0m
  [1m[35mSQL (0.2ms)[0m  BEGIN
  [1m[36mAREL (0.5ms)[0m  [1mINSERT INTO `services` (`service_name`, `url_path`, `created_at`, `updated_at`) VALUES ('BART2', 'https\\baobabhealthtrust.com ervicesart2', '2014-05-15 20:23:50', '2014-05-15 20:23:50')[0m
  [1m[35mSQL (1.9ms)[0m  COMMIT
  [1m[36mSQL (0.2ms)[0m  [1mBEGIN[0m
  [1m[35mAREL (0.6ms)[0m  INSERT INTO `services` (`service_name`, `url_path`, `created_at`, `updated_at`) VALUES ('MHTCRS', 'https\\baobabhealthtrust.com ervicesmhtcrs', '2014-05-15 20:27:56', '2014-05-15 20:27:56')
  [1m[36mSQL (1.9ms)[0m  [1mCOMMIT[0m
  [1m[35mService Load (0.7ms)[0m  SELECT `services`.* FROM `services`
  [1m[36mSCHEMA (0.4ms)[0m  [1mSHOW TABLES [0m
  [1m[35mSCHEMA (0.3ms)[0m  SHOW TABLES 
  [1m[36mSQL (2.2ms)[0m  [1mSELECT `schema_migrations`.`version` FROM `schema_migrations`[0m
  [1m[35mSCHEMA (0.3ms)[0m  SHOW TABLES 
  [1m[36mSQL (0.2ms)[0m  [1mSELECT `schema_migrations`.`version` FROM `schema_migrations`[0m
  [1m[35mSCHEMA (0.3ms)[0m  SHOW TABLES 
  [1m[36mSQL (0.2ms)[0m  [1mSELECT `schema_migrations`.`version` FROM `schema_migrations`[0m
Migrating to CreateLocations (20140514094730)
  [1m[35mSQL (2.6ms)[0m  DROP TABLE `locations`
  [1m[36mAREL (0.8ms)[0m  [1mDELETE FROM `schema_migrations` WHERE `schema_migrations`.`version` = '20140514094730'[0m
Migrating to CreateAdminUsersServices (20140514091639)
  [1m[35mSQL (1.2ms)[0m  DROP TABLE `admin_users_services`
  [1m[36mAREL (0.8ms)[0m  [1mDELETE FROM `schema_migrations` WHERE `schema_migrations`.`version` = '20140514091639'[0m
Migrating to CreateHitCounts (20140514091544)
  [1m[35mSQL (1.2ms)[0m  DROP TABLE `hit_counts`
  [1m[36mAREL (0.6ms)[0m  [1mDELETE FROM `schema_migrations` WHERE `schema_migrations`.`version` = '20140514091544'[0m
Migrating to CreateServices (20140514091401)
  [1m[35mSQL (1.2ms)[0m  DROP TABLE `services`
  [1m[36mAREL (0.8ms)[0m  [1mDELETE FROM `schema_migrations` WHERE `schema_migrations`.`version` = '20140514091401'[0m
Migrating to CreateAdminUsers (20140514091258)
  [1m[35mSQL (1.4ms)[0m  DROP TABLE `admin_users`
  [1m[36mAREL (0.7ms)[0m  [1mDELETE FROM `schema_migrations` WHERE `schema_migrations`.`version` = '20140514091258'[0m
  [1m[35mSCHEMA (0.4ms)[0m  SHOW TABLES 
  [1m[36mSQL (0.3ms)[0m  [1mSELECT `schema_migrations`.`version` FROM `schema_migrations`[0m
  [1m[35mSCHEMA (0.2ms)[0m  SHOW TABLES 
